  action.cpp
  backbg.cpp
  bg.cpp
  brock.cpp
  enemy.cpp
  fade.cpp
  game.cpp
  gauge.cpp
  input.cpp
  main.cpp
  moneyblock.cpp
  padinput.cpp
  pause.cpp
  player.cpp
  point.cpp
  prebg.cpp
  ranking.cpp
  rankingbg.cpp
  result.cpp
  score.cpp
  コンパイル中...
  sound.cpp
  stage.cpp
  stock.cpp
  time.cpp
  title.cpp
  tutorial.cpp
  ui.cpp
  xpad.cpp
  コード生成しています。
  0 of 201 functions ( 0.0%) were compiled, the rest were copied from previous compilation.
    0 functions were new in current compilation
    0 functions had inline decision re-evaluated but remain unchanged
  コード生成が終了しました。
  2dgame02.vcxproj -> C:\Users\student\Desktop\re-game\2dgame02\2dgame02.exe
  2dgame02.vcxproj -> C:\Users\student\Desktop\re-game\2dgame02\2dgame02.pdb (Full PDB)
