c:\users\student\documents\visual studio 2015\projects\3d_game\debug\vc140.pdb
c:\users\student\documents\visual studio 2015\projects\3d_game\debug\vc140.idb
c:\users\student\documents\visual studio 2015\projects\3d_game\debug\imgui.obj
c:\users\student\documents\visual studio 2015\projects\3d_game\debug\imgui_demo.obj
c:\users\student\documents\visual studio 2015\projects\3d_game\debug\imgui_draw.obj
c:\users\student\documents\visual studio 2015\projects\3d_game\debug\imgui_impl_dx9.obj
c:\users\student\documents\visual studio 2015\projects\3d_game\debug\imgui_impl_win32.obj
c:\users\student\documents\visual studio 2015\projects\3d_game\debug\imgui_widgets.obj
c:\users\student\documents\visual studio 2015\projects\3d_game\debug\keyinput.obj
c:\users\student\documents\visual studio 2015\projects\3d_game\debug\light.obj
c:\users\student\documents\visual studio 2015\projects\3d_game\debug\main.obj
c:\users\student\documents\visual studio 2015\projects\3d_game\debug\mesh.obj
c:\users\student\documents\visual studio 2015\projects\3d_game\debug\meshfield.obj
c:\users\student\documents\visual studio 2015\projects\3d_game\debug\meshwall.obj
c:\users\student\documents\visual studio 2015\projects\3d_game\debug\minput.obj
c:\users\student\documents\visual studio 2015\projects\3d_game\debug\model.obj
c:\users\student\documents\visual studio 2015\projects\3d_game\debug\player.obj
c:\users\student\documents\visual studio 2015\projects\3d_game\debug\polygon.obj
c:\users\student\documents\visual studio 2015\projects\3d_game\debug\shadow.obj
c:\users\student\documents\visual studio 2015\projects\3d_game\debug\wall.obj
c:\users\student\documents\visual studio 2015\projects\3d_game\debug\walle.obj
c:\users\student\documents\visual studio 2015\projects\3d_game\debug\xinput.obj
c:\users\student\documents\visual studio 2015\projects\3d_game\debug\billboard.obj
c:\users\student\documents\visual studio 2015\projects\3d_game\debug\bullet.obj
c:\users\student\documents\visual studio 2015\projects\3d_game\debug\camera.obj
c:\users\student\documents\visual studio 2015\projects\3d_game\debug\dinput.obj
c:\users\student\documents\visual studio 2015\projects\3d_game\debug\effect.obj
c:\users\student\documents\visual studio 2015\projects\3d_game\debug\fade.obj
c:\users\student\documents\visual studio 2015\projects\3d_game\debug\game.obj
c:\users\student\documents\visual studio 2015\projects\3d_game\debug\tutorial.obj
c:\users\student\documents\visual studio 2015\projects\3d_game\debug\title.obj
c:\users\student\documents\visual studio 2015\projects\3d_game\debug\pause.obj
c:\users\student\documents\visual studio 2015\projects\3d_game\debug\ranking.obj
c:\users\student\documents\visual studio 2015\projects\3d_game\debug\result.obj
c:\users\student\documents\visual studio 2015\projects\3d_game\debug\sound.obj
c:\users\student\documents\visual studio 2015\projects\3d_game\debug\score.obj
c:\users\student\documents\visual studio 2015\projects\3d_game\debug\collision.obj
c:\users\student\documents\visual studio 2015\projects\3d_game\debug\particle.obj
c:\users\student\documents\visual studio 2015\projects\3d_game\debug\bulletptcl.obj
c:\users\student\documents\visual studio 2015\projects\3d_game\debug\3d_game.ilk
c:\users\student\documents\visual studio 2015\projects\3d_game\debug\3d_game.exe
c:\users\student\documents\visual studio 2015\projects\3d_game\debug\3d_game.pdb
c:\users\student\documents\visual studio 2015\projects\3d_game\debug\3d_game.tlog\cl.command.1.tlog
c:\users\student\documents\visual studio 2015\projects\3d_game\debug\3d_game.tlog\cl.read.1.tlog
c:\users\student\documents\visual studio 2015\projects\3d_game\debug\3d_game.tlog\cl.write.1.tlog
c:\users\student\documents\visual studio 2015\projects\3d_game\debug\3d_game.tlog\link.24604-cvtres.read.1.tlog
c:\users\student\documents\visual studio 2015\projects\3d_game\debug\3d_game.tlog\link.24604-cvtres.write.1.tlog
c:\users\student\documents\visual studio 2015\projects\3d_game\debug\3d_game.tlog\link.24604-rc.read.1.tlog
c:\users\student\documents\visual studio 2015\projects\3d_game\debug\3d_game.tlog\link.24604-rc.write.1.tlog
c:\users\student\documents\visual studio 2015\projects\3d_game\debug\3d_game.tlog\link.24604.read.1.tlog
c:\users\student\documents\visual studio 2015\projects\3d_game\debug\3d_game.tlog\link.24604.write.1.tlog
c:\users\student\documents\visual studio 2015\projects\3d_game\debug\3d_game.tlog\link.command.1.tlog
c:\users\student\documents\visual studio 2015\projects\3d_game\debug\3d_game.tlog\link.read.1.tlog
c:\users\student\documents\visual studio 2015\projects\3d_game\debug\3d_game.tlog\link.write.1.tlog
