c:\users\student\desktop\fu-ta-gamese\2dシューティングc++\fu_game00\debug\vc140.pdb
c:\users\student\desktop\fu-ta-gamese\2dシューティングc++\fu_game00\debug\vc140.idb
c:\users\student\desktop\fu-ta-gamese\2dシューティングc++\fu_game00\debug\keyinput.obj
c:\users\student\desktop\fu-ta-gamese\2dシューティングc++\fu_game00\debug\main.obj
c:\users\student\desktop\fu-ta-gamese\2dシューティングc++\fu_game00\debug\manager.obj
c:\users\student\desktop\fu-ta-gamese\2dシューティングc++\fu_game00\debug\mesh.obj
c:\users\student\desktop\fu-ta-gamese\2dシューティングc++\fu_game00\debug\move.obj
c:\users\student\desktop\fu-ta-gamese\2dシューティングc++\fu_game00\debug\normalenemy.obj
c:\users\student\desktop\fu-ta-gamese\2dシューティングc++\fu_game00\debug\number.obj
c:\users\student\desktop\fu-ta-gamese\2dシューティングc++\fu_game00\debug\particle.obj
c:\users\student\desktop\fu-ta-gamese\2dシューティングc++\fu_game00\debug\pause.obj
c:\users\student\desktop\fu-ta-gamese\2dシューティングc++\fu_game00\debug\player.obj
c:\users\student\desktop\fu-ta-gamese\2dシューティングc++\fu_game00\debug\renderer.obj
c:\users\student\desktop\fu-ta-gamese\2dシューティングc++\fu_game00\debug\result.obj
c:\users\student\desktop\fu-ta-gamese\2dシューティングc++\fu_game00\debug\scene.obj
c:\users\student\desktop\fu-ta-gamese\2dシューティングc++\fu_game00\debug\scene2d.obj
c:\users\student\desktop\fu-ta-gamese\2dシューティングc++\fu_game00\debug\score.obj
c:\users\student\desktop\fu-ta-gamese\2dシューティングc++\fu_game00\debug\sound.obj
c:\users\student\desktop\fu-ta-gamese\2dシューティングc++\fu_game00\debug\time.obj
c:\users\student\desktop\fu-ta-gamese\2dシューティングc++\fu_game00\debug\title.obj
c:\users\student\desktop\fu-ta-gamese\2dシューティングc++\fu_game00\debug\tutorial.obj
c:\users\student\desktop\fu-ta-gamese\2dシューティングc++\fu_game00\debug\xinput.obj
c:\users\student\desktop\fu-ta-gamese\2dシューティングc++\fu_game00\debug\boss.obj
c:\users\student\desktop\fu-ta-gamese\2dシューティングc++\fu_game00\debug\bullet.obj
c:\users\student\desktop\fu-ta-gamese\2dシューティングc++\fu_game00\debug\collision.obj
c:\users\student\desktop\fu-ta-gamese\2dシューティングc++\fu_game00\debug\dinput.obj
c:\users\student\desktop\fu-ta-gamese\2dシューティングc++\fu_game00\debug\effect.obj
c:\users\student\desktop\fu-ta-gamese\2dシューティングc++\fu_game00\debug\enemy.obj
c:\users\student\desktop\fu-ta-gamese\2dシューティングc++\fu_game00\debug\fade.obj
c:\users\student\desktop\fu-ta-gamese\2dシューティングc++\fu_game00\debug\game.obj
c:\users\student\desktop\fu-ta-gamese\2dシューティングc++\fu_game00\debug\input.obj
c:\users\student\desktop\fu-ta-gamese\2dシューティングc++\fu_game00\debug\gauge.obj
c:\users\student\desktop\fu-ta-gamese\2dシューティングc++\fu_game00\debug\polygon.obj
c:\users\student\desktop\fu-ta-gamese\2dシューティングc++\fu_game00\debug\fu_game00.ilk
c:\users\student\desktop\fu-ta-gamese\2dシューティングc++\fu_game00\debug\fu_game00.exe
c:\users\student\desktop\fu-ta-gamese\2dシューティングc++\fu_game00\debug\fu_game00.pdb
c:\users\student\desktop\fu-ta-gamese\2dシューティングc++\fu_game00\debug\fu_game00.tlog\cl.command.1.tlog
c:\users\student\desktop\fu-ta-gamese\2dシューティングc++\fu_game00\debug\fu_game00.tlog\cl.read.1.tlog
c:\users\student\desktop\fu-ta-gamese\2dシューティングc++\fu_game00\debug\fu_game00.tlog\cl.write.1.tlog
c:\users\student\desktop\fu-ta-gamese\2dシューティングc++\fu_game00\debug\fu_game00.tlog\link.command.1.tlog
c:\users\student\desktop\fu-ta-gamese\2dシューティングc++\fu_game00\debug\fu_game00.tlog\link.read.1.tlog
c:\users\student\desktop\fu-ta-gamese\2dシューティングc++\fu_game00\debug\fu_game00.tlog\link.write.1.tlog
