  backscreen.cpp
  bullet.cpp
  effect.cpp
  enemy.cpp
  enemyobj.cpp
  explosion.cpp
  fade.cpp
  game.cpp
  hp.cpp
  input.cpp
  main.cpp
  objct.cpp
  pause.cpp
  player.cpp
  ranking.cpp
  result.cpp
  score.cpp
  sound.cpp
  time.cpp
  title.cpp
  コンパイル中...
  tutorial.cpp
  tutoriallogo.cpp
  コード生成しています。
  All 163 functions were compiled because no usable IPDB/IOBJ from previous compilation was found.
  コード生成が終了しました。
  2DGame.vcxproj -> c:\users\student\documents\visual studio 2015\Projects\2DGame\2DGame.exe
  2DGame.vcxproj -> c:\users\student\documents\visual studio 2015\Projects\2DGame\2DGame.pdb (Full PDB)
