  tutoriallogo.cpp
  tutorial.cpp
  title.cpp
  time.cpp
  sound.cpp
  score.cpp
  result.cpp
  ranking.cpp
  player.cpp
  pause.cpp
  objct.cpp
  main.cpp
  input.cpp
  hp.cpp
  game.cpp
  fade.cpp
  explosion.cpp
  enemyobj.cpp
  enemy.cpp
  effect.cpp
  コードを生成中...
  コンパイル中...
  bullet.cpp
  backscreen.cpp
  コードを生成中...
  2DGame.vcxproj -> c:\users\student\documents\visual studio 2015\Projects\2DGame\Debug\2DGame.exe
  2DGame.vcxproj -> c:\users\student\documents\visual studio 2015\Projects\2DGame\Debug\2DGame.pdb (Full PDB)
